MPASM  5.37                           EX5.ASM   9-1-2021  12:25:26         PAGE  1


LOC  OBJECT CODE     LINE SOURCE TEXT
  VALUE

                      00001 ;* * * * * * * * * * * * * * * * * * * * * * * * * * * * * * * * * *
                      00002 ;*                       NOME DO PROJETO                           *
                      00003 ;*                           CLIENTE                               *
                      00004 ;*         DESENVOLVIDO PELO DEL ENGENHARIA E CONSULTORIA      *
                      00005 ;*   VERSÃO: 1.0                           DATA: 17/06/10          *
                      00006 ;* * * * * * * * * * * * * * * * * * * * * * * * * * * * * * * * * *
                      00007 ;*                     DESCRIÇÃO DO ARQUIVO                        *
                      00008 ;*-----------------------------------------------------------------*
                      00009 ;*   MODELO PARA PIC 16F877A                                       *
                      00010 ;*                                                                 *
                      00011 ;*                                                                 *
                      00012 ;* * * * * * * * * * * * * * * * * * * * * * * * * * * * * * * * * *
                      00013 
                      00014 ;* * * * * * * * * * * * * * * * * * * * * * * * * * * * * * * * * *
                      00015 ;*                     ARQUIVOS DE DEFINIÇÕES                      *
                      00016 ;* * * * * * * * * * * * * * * * * * * * * * * * * * * * * * * * * *
                      00017 #INCLUDE <P16F877A.INC> ;ARQUIVO PADRÃO MICROCHIP PARA 16F877A
                      00001         LIST
                      00002 ; P16F877A.INC  Standard Header File, Version 1.00    Microchip Technology, Inc.
                      00400         LIST
                      00018 
2007   3F72           00019         __CONFIG _CP_OFF & _PWRTE_ON & _WDT_OFF & _LVP_OFF & _HS_OSC
                      00020 
                      00021 ;* * * * * * * * * * * * * * * * * * * * * * * * * * * * * * * * * *
                      00022 ;*                    PAGINAÇÃO DE MEMÓRIA                         *
                      00023 ;* * * * * * * * * * * * * * * * * * * * * * * * * * * * * * * * * *
                      00024 ;DEFINIÇÃO DE COMANDOS DE USUÁRIO PARA ALTERAÇÃO DA PÁGINA DE MEMÓRIA
                      00025 #DEFINE BANK0   BCF STATUS,RP0  ;SETA BANK 0 DE MEMÓRIA
                      00026 #DEFINE BANK1   BSF STATUS,RP0  ;SETA BANK 1 DE MAMÓRIA
                      00027 
                      00028 ;* * * * * * * * * * * * * * * * * * * * * * * * * * * * * * * * * *
                      00029 ;*                         VARIÁVEIS                               *
                      00030 ;* * * * * * * * * * * * * * * * * * * * * * * * * * * * * * * * * *
                      00031 ; DEFINIÇÃO DOS NOMES E ENDEREÇOS DE TODAS AS VARIÁVEIS UTILIZADAS 
                      00032 ; PELO SISTEMA
                      00033         CBLOCK  0x20    ;ENDEREÇO INICIAL DA MEMÓRIA DE
                      00034                                         ;USUÁRIO
  00000020            00035                 W_TEMP          ;REGISTRADORES TEMPORÁRIOS PARA USO
  00000021            00036                 STATUS_TEMP     ;JUNTO ÀS INTERRUPÇÕES
  00000022            00037                 MAX ; Valor max contador
  00000023            00038                 MIN ; Valor min contador
                      00039                 ;NOVAS VARIÁVEIS
                      00040                 
  00000024            00041                 VAR         ;ARMAZENA O VALOR CONTADO
  00000025            00042                 FLAG            ;INDICA SE DEVE SOMAR OU DECREMENTAR
                      00043 
                      00044         ENDC                    ;FIM DO BLOCO DE MEMÓRIA
                      00045 ;* * * * * * * * * * * * * * * * * * * * * * * * * * * * * * * * * *
                      00046 ;*                        FLAGS INTERNOS                           *
                      00047 ;* * * * * * * * * * * * * * * * * * * * * * * * * * * * * * * * * *
                      00048 ; DEFINIÇÃO DE TODOS OS FLAGS UTILIZADOS PELO SISTEMA
                      00049 
                      00050 ;* * * * * * * * * * * * * * * * * * * * * * * * * * * * * * * * * *
MPASM  5.37                           EX5.ASM   9-1-2021  12:25:26         PAGE  2


LOC  OBJECT CODE     LINE SOURCE TEXT
  VALUE

                      00051 ;*                         CONSTANTES  
                      00052 
                      00053 ;                            *
                      00054 ;* * * * * * * * * * * * * * * * * * * * * * * * * * * * * * * * * *
                      00055 ; DEFINIÇÃO DE TODAS AS CONSTANTES UTILIZADAS PELO SISTEMA
                      00056 
                      00057 ;* * * * * * * * * * * * * * * * * * * * * * * * * * * * * * * * * *
                      00058 ;*                           ENTRADAS 
                      00059                 #DEFINE SW4 PORTB,0 ;DEFINE SW4 COMO PORTA B0
                      00060 ;                            *
                      00061 ;* * * * * * * * * * * * * * * * * * * * * * * * * * * * * * * * * *
                      00062 ; DEFINIÇÃO DE TODOS OS PINOS QUE SERÃO UTILIZADOS COMO ENTRADA
                      00063 ; RECOMENDAMOS TAMBÉM COMENTAR O SIGNIFICADO DE SEUS ESTADOS (0 E 1)
                      00064 
                      00065 ;* * * * * * * * * * * * * * * * * * * * * * * * * * * * * * * * * *
                      00066 ;*                           SAÍDAS 
                      00067 ;               #DEFINE VISOR PORTD,0 ;DEFINE VISOR COMO PORTA D0(ACHO Q N VAI PRECISAR)
                      00068 ;                               *
                      00069 ;* * * * * * * * * * * * * * * * * * * * * * * * * * * * * * * * * *
                      00070 ; DEFINIÇÃO DE TODOS OS PINOS QUE SERÃO UTILIZADOS COMO SAÍDA
                      00071 ; RECOMENDAMOS TAMBÉM COMENTAR O SIGNIFICADO DE SEUS ESTADOS (0 E 1)
                      00072 
                      00073 ;* * * * * * * * * * * * * * * * * * * * * * * * * * * * * * * * * *
                      00074 ;*                       VETOR DE RESET                            *
                      00075 ;* * * * * * * * * * * * * * * * * * * * * * * * * * * * * * * * * *
                      00076 
0000                  00077         ORG     0x00                    ;ENDEREÇO INICIAL DE PROCESSAMENTO
0000   2824           00078         GOTO    INICIO
                      00079         
                      00080 ;* * * * * * * * * * * * * * * * * * * * * * * * * * * * * * * * * *
                      00081 ;*                    INÍCIO DA INTERRUPÇÃO                        *
                      00082 ;* * * * * * * * * * * * * * * * * * * * * * * * * * * * * * * * * *
                      00083 ; ENDEREÇO DE DESVIO DAS INTERRUPÇÕES. A PRIMEIRA TAREFA É SALVAR OS
                      00084 ; VALORES DE "W" E "STATUS" PARA RECUPERAÇÃO FUTURA
                      00085 
0004                  00086         ORG     0x04                    ;ENDEREÇO INICIAL DA INTERRUPÇÃO
0004   00A0           00087         MOVWF   W_TEMP          ;COPIA W PARA W_TEMP
0005   0E03           00088         SWAPF   STATUS,W
0006   00A1           00089         MOVWF   STATUS_TEMP     ;COPIA STATUS PARA STATUS_TEMP
                      00090 
                      00091 
                      00092 ;* * * * * * * * * * * * * * * * * * * * * * * * * * * * * * * * * *
                      00093 ;*                    ROTINA DE INTERRUPÇÃO                        *
                      00094 ;* * * * * * * * * * * * * * * * * * * * * * * * * * * * * * * * * *
                      00095 ; AQUI SERÁ ESCRITA AS ROTINAS DE RECONHECIMENTO E TRATAMENTO DAS
                      00096 ; INTERRUPÇÕES
                      00097 
                      00098 ;* * * * * * * * * * * * * * * * * * * * * * * * * * * * * * * * * *
                      00099 ;*                 ROTINA DE SAÍDA DA INTERRUPÇÃO                  *
                      00100 ;* * * * * * * * * * * * * * * * * * * * * * * * * * * * * * * * * *
                      00101 ; OS VALORES DE "W" E "STATUS" DEVEM SER RECUPERADOS ANTES DE 
                      00102 ; RETORNAR DA INTERRUPÇÃO
                      00103 
MPASM  5.37                           EX5.ASM   9-1-2021  12:25:26         PAGE  3


LOC  OBJECT CODE     LINE SOURCE TEXT
  VALUE

0007                  00104 SAI_INT
0007   0E21           00105         SWAPF   STATUS_TEMP,W
0008   0083           00106         MOVWF   STATUS          ;MOVE STATUS_TEMP PARA STATUS
0009   0EA0           00107         SWAPF   W_TEMP,F
000A   0E20           00108         SWAPF   W_TEMP,W        ;MOVE W_TEMP PARA W
000B   0009           00109         RETFIE
                      00110 
                      00111 ;* * * * * * * * * * * * * * * * * * * * * * * * * * * * * * * * * *
                      00112 ;*                       ROTINAS E SUBROTINAS                      *
                      00113 ;* * * * * * * * * * * * * * * * * * * * * * * * * * * * * * * * * *
                      00114 ; CADA ROTINA OU SUBROTINA DEVE POSSUIR A DESCRIÇÃO DE FUNCIONAMENTO
                      00115 ; E UM NOME COERENTE ÀS SUAS FUNÇÕES.
                      00116 
000C                  00117 INCREMENTA
000C   1C06           00118         BTFSS SW4;
000D   280C           00119         GOTO $-1; SE SW4 FOR 1
000E   0AA4           00120         INCF VAR,1; INCREMENTA VAR EM 1
000F   2013           00121         CALL EXIBIR; CHAMA A ROTINA PARA EXIBIR O VALOR
0010   1806           00122     BTFSC SW4;
0011   2810           00123         GOTO $-1; SE SW4 FOR 1
0012   2815           00124         GOTO TEST_MAX; SE SW4 FOR 0     
                      00125 
0013                  00126 EXIBIR
0013   0088           00127         MOVWF PORTD ;ENVIA O VALOR PARA O MOSTRADOR NA PORTA D
                      00128                                 ;NA ORIGINAL USA O COMPLETMENTO, TESTAR E VER SE PRECISA
0014   0008           00129         RETURN          ;RETORNA DE ONDE FOI CHAMADA
                      00130         
0015                  00131 TEST_MAX
Message[305]: Using default destination of 1 (file).
0015   0BA2           00132         DECFSZ MAX; MAX - 1
0016   280C           00133     GOTO INCREMENTA; SE MAX FOR 1
0017   03A2           00134         DECF MAX,1
0018   281D           00135     GOTO DECREMENTA; SE MAX FOR 0       
                      00136 
0019                  00137 TEST_MIN
Message[305]: Using default destination of 1 (file).
0019   0BA3           00138         DECFSZ MIN; MAX - 1
001A   281D           00139     GOTO DECREMENTA; SE MAX FOR 1
001B   03A3           00140         DECF MIN,1
001C   280C           00141     GOTO INCREMENTA; SE MAX FOR 0
                      00142 
001D                  00143 DECREMENTA
001D   1C06           00144         BTFSS SW4;
001E   281D           00145         GOTO $-1; SE SW4 FOR 0
001F   03A4           00146         DECF VAR,1  ;INCREMENTA VAR EM 1
0020   2013           00147         CALL EXIBIR ;CHAMA A ROTINA PARA EXIBIR O VALOR
0021   1806           00148     BTFSC SW4;
0022   2821           00149         GOTO $-1; SE SW4 FOR 1
0023   2819           00150         GOTO TEST_MIN; SE SW4 FOR 0
                      00151 
                      00152 ;* * * * * * * * * * * * * * * * * * * * * * * * * * * * * * * * * *
                      00153 ;*                     INICIO DO PROGRAMA                          *
                      00154 ;* * * * * * * * * * * * * * * * * * * * * * * * * * * * * * * * * *
MPASM  5.37                           EX5.ASM   9-1-2021  12:25:26         PAGE  4


LOC  OBJECT CODE     LINE SOURCE TEXT
  VALUE

                      00155         
0024                  00156 INICIO
0024   1683           00157         BANK1                           ;ALTERA PARA O BANCO 1
0025   3000           00158     MOVLW       B'00000000'
Message[302]: Register in operand not in bank 0.  Ensure that bank bits are correct.
0026   0088           00159         MOVWF   TRISD           ;DEFINE ENTRADAS E SAÍDAS DO PORT
0027   30FF           00160         MOVLW   B'11111111'
Message[302]: Register in operand not in bank 0.  Ensure that bank bits are correct.
0028   0086           00161         MOVWF   TRISB           ;DEFINE ENTRADAS E SAÍDAS DO PORTB
0029   3004           00162         MOVLW   B'00000100'
Message[302]: Register in operand not in bank 0.  Ensure that bank bits are correct.
002A   0081           00163         MOVWF   OPTION_REG      ;DEFINE OPÇÕES DE OPERAÇÃO
002B   3080           00164         MOVLW   B'10000000'
002C   008B           00165         MOVWF   INTCON  
                      00166         
                      00167 
                      00168         ;DEFINE OPÇÕES DE INTERRUPÇÕES
002D   1283           00169         BANK0                           ;RETORNA PARA O BANCO
002E   302B           00170         MOVLW   B'00101011'
002F   0090           00171     MOVWF       T1CON
                      00172 ;* * * * * * * * * * * * * * * * * * * * * * * * * * * * * * * * * *
                      00173 ;*                     INICIALIZAÇÃO DAS VARIÁVEIS                 *
                      00174 ;* * * * * * * * * * * * * * * * * * * * * * * * * * * * * * * * * *
                      00175 
                      00176 ;* * * * * * * * * * * * * * * * * * * * * * * * * * * * * * * * * *
                      00177 ;*                     ROTINA PRINCIPAL                            *
                      00178 ;* * * * * * * * * * * * * * * * * * * * * * * * * * * * * * * * * *
                      00179         ;BCF FLAG
                      00180 
0030                  00181 MAIN
                      00182         
                      00183     ;BTFSC FLAG;
0030   03A2           00184         DECF MAX,1
0031   03A3           00185         DECF MIN,1
0032   280C           00186         GOTO INCREMENTA; SE SW4 FOR 0
                      00187         ;GOTO DECREMENTA; SE SW4 FOR 1
                      00188         
                      00189 
                      00190       ;CORPO DA ROTINA PRINCIPAL
                      00191 
                      00192 
Warning[203]: Found opcode in column 1. (GOTO)
0033   2830           00193 GOTO  MAIN
                      00194 
                      00195 ;* * * * * * * * * * * * * * * * * * * * * * * * * * * * * * * * * *
                      00196 ;*                       FIM DO PROGRAMA                           *
                      00197 ;* * * * * * * * * * * * * * * * * * * * * * * * * * * * * * * * * *
                      00198 
                      00199         END
MPASM  5.37                           EX5.ASM   9-1-2021  12:25:26         PAGE  5


SYMBOL TABLE
  LABEL                             VALUE 

ACKDT                             00000005
ACKEN                             00000004
ACKSTAT                           00000006
ADCON0                            0000001F
ADCON1                            0000009F
ADCS0                             00000006
ADCS1                             00000007
ADCS2                             00000006
ADDEN                             00000003
ADFM                              00000007
ADIE                              00000006
ADIF                              00000006
ADON                              00000000
ADRESH                            0000001E
ADRESL                            0000009E
BANK0                             BCF STATUS,RP0
BANK1                             BSF STATUS,RP0
BCLIE                             00000003
BCLIF                             00000003
BF                                00000000
BRGH                              00000002
C                                 00000000
C1INV                             00000004
C1OUT                             00000006
C2INV                             00000005
C2OUT                             00000007
CCP1CON                           00000017
CCP1IE                            00000002
CCP1IF                            00000002
CCP1M0                            00000000
CCP1M1                            00000001
CCP1M2                            00000002
CCP1M3                            00000003
CCP1X                             00000005
CCP1Y                             00000004
CCP2CON                           0000001D
CCP2IE                            00000000
CCP2IF                            00000000
CCP2M0                            00000000
CCP2M1                            00000001
CCP2M2                            00000002
CCP2M3                            00000003
CCP2X                             00000005
CCP2Y                             00000004
CCPR1H                            00000016
CCPR1L                            00000015
CCPR2H                            0000001C
CCPR2L                            0000001B
CHS0                              00000003
CHS1                              00000004
CHS2                              00000005
CIS                               00000003
CKE                               00000006
MPASM  5.37                           EX5.ASM   9-1-2021  12:25:26         PAGE  6


SYMBOL TABLE
  LABEL                             VALUE 

CKP                               00000004
CM0                               00000000
CM1                               00000001
CM2                               00000002
CMCON                             0000009C
CMIE                              00000006
CMIF                              00000006
CREN                              00000004
CSRC                              00000007
CVR0                              00000000
CVR1                              00000001
CVR2                              00000002
CVR3                              00000003
CVRCON                            0000009D
CVREN                             00000007
CVROE                             00000006
CVRR                              00000005
D                                 00000005
DATA_ADDRESS                      00000005
DC                                00000001
DECREMENTA                        0000001D
D_A                               00000005
EEADR                             0000010D
EEADRH                            0000010F
EECON1                            0000018C
EECON2                            0000018D
EEDATA                            0000010C
EEDATH                            0000010E
EEIE                              00000004
EEIF                              00000004
EEPGD                             00000007
EXIBIR                            00000013
F                                 00000001
FERR                              00000002
FLAG                              00000025
FSR                               00000004
GCEN                              00000007
GIE                               00000007
GO                                00000002
GO_DONE                           00000002
I2C_DATA                          00000005
I2C_READ                          00000002
I2C_START                         00000003
I2C_STOP                          00000004
IBF                               00000007
IBOV                              00000005
INCREMENTA                        0000000C
INDF                              00000000
INICIO                            00000024
INTCON                            0000000B
INTE                              00000004
INTEDG                            00000006
INTF                              00000001
MPASM  5.37                           EX5.ASM   9-1-2021  12:25:26         PAGE  7


SYMBOL TABLE
  LABEL                             VALUE 

IRP                               00000007
MAIN                              00000030
MAX                               00000022
MIN                               00000023
NOT_A                             00000005
NOT_ADDRESS                       00000005
NOT_BO                            00000000
NOT_BOR                           00000000
NOT_DONE                          00000002
NOT_PD                            00000003
NOT_POR                           00000001
NOT_RBPU                          00000007
NOT_RC8                           00000006
NOT_T1SYNC                        00000002
NOT_TO                            00000004
NOT_TX8                           00000006
NOT_W                             00000002
NOT_WRITE                         00000002
OBF                               00000006
OERR                              00000001
OPTION_REG                        00000081
P                                 00000004
PCFG0                             00000000
PCFG1                             00000001
PCFG2                             00000002
PCFG3                             00000003
PCL                               00000002
PCLATH                            0000000A
PCON                              0000008E
PEIE                              00000006
PEN                               00000002
PIE1                              0000008C
PIE2                              0000008D
PIR1                              0000000C
PIR2                              0000000D
PORTA                             00000005
PORTB                             00000006
PORTC                             00000007
PORTD                             00000008
PORTE                             00000009
PR2                               00000092
PS0                               00000000
PS1                               00000001
PS2                               00000002
PSA                               00000003
PSPIE                             00000007
PSPIF                             00000007
PSPMODE                           00000004
R                                 00000002
RBIE                              00000003
RBIF                              00000000
RC8_9                             00000006
RC9                               00000006
MPASM  5.37                           EX5.ASM   9-1-2021  12:25:26         PAGE  8


SYMBOL TABLE
  LABEL                             VALUE 

RCD8                              00000000
RCEN                              00000003
RCIE                              00000005
RCIF                              00000005
RCREG                             0000001A
RCSTA                             00000018
RD                                00000000
READ_WRITE                        00000002
RP0                               00000005
RP1                               00000006
RSEN                              00000001
RX9                               00000006
RX9D                              00000000
R_W                               00000002
S                                 00000003
SAI_INT                           00000007
SEN                               00000000
SMP                               00000007
SPBRG                             00000099
SPEN                              00000007
SREN                              00000005
SSPADD                            00000093
SSPBUF                            00000013
SSPCON                            00000014
SSPCON2                           00000091
SSPEN                             00000005
SSPIE                             00000003
SSPIF                             00000003
SSPM0                             00000000
SSPM1                             00000001
SSPM2                             00000002
SSPM3                             00000003
SSPOV                             00000006
SSPSTAT                           00000094
STATUS                            00000003
STATUS_TEMP                       00000021
SW4                               PORTB,0
SYNC                              00000004
T0CS                              00000005
T0IE                              00000005
T0IF                              00000002
T0SE                              00000004
T1CKPS0                           00000004
T1CKPS1                           00000005
T1CON                             00000010
T1INSYNC                          00000002
T1OSCEN                           00000003
T1SYNC                            00000002
T2CKPS0                           00000000
T2CKPS1                           00000001
T2CON                             00000012
TEST_MAX                          00000015
TEST_MIN                          00000019
MPASM  5.37                           EX5.ASM   9-1-2021  12:25:26         PAGE  9


SYMBOL TABLE
  LABEL                             VALUE 

TMR0                              00000001
TMR0IE                            00000005
TMR0IF                            00000002
TMR1CS                            00000001
TMR1H                             0000000F
TMR1IE                            00000000
TMR1IF                            00000000
TMR1L                             0000000E
TMR1ON                            00000000
TMR2                              00000011
TMR2IE                            00000001
TMR2IF                            00000001
TMR2ON                            00000002
TOUTPS0                           00000003
TOUTPS1                           00000004
TOUTPS2                           00000005
TOUTPS3                           00000006
TRISA                             00000085
TRISB                             00000086
TRISC                             00000087
TRISD                             00000088
TRISE                             00000089
TRISE0                            00000000
TRISE1                            00000001
TRISE2                            00000002
TRMT                              00000001
TX8_9                             00000006
TX9                               00000006
TX9D                              00000000
TXD8                              00000000
TXEN                              00000005
TXIE                              00000004
TXIF                              00000004
TXREG                             00000019
TXSTA                             00000098
UA                                00000001
VAR                               00000024
W                                 00000000
WCOL                              00000007
WR                                00000001
WREN                              00000002
WRERR                             00000003
W_TEMP                            00000020
Z                                 00000002
_BODEN_OFF                        00003FBF
_BODEN_ON                         00003FFF
_CPD_OFF                          00003FFF
_CPD_ON                           00003EFF
_CP_ALL                           00001FFF
_CP_OFF                           00003FFF
_DEBUG_OFF                        00003FFF
_DEBUG_ON                         000037FF
_HS_OSC                           00003FFE
MPASM  5.37                           EX5.ASM   9-1-2021  12:25:26         PAGE 10


SYMBOL TABLE
  LABEL                             VALUE 

_LP_OSC                           00003FFC
_LVP_OFF                          00003F7F
_LVP_ON                           00003FFF
_PWRTE_OFF                        00003FFF
_PWRTE_ON                         00003FF7
_RC_OSC                           00003FFF
_WDT_OFF                          00003FFB
_WDT_ON                           00003FFF
_WRT_1FOURTH                      00003BFF
_WRT_256                          00003DFF
_WRT_HALF                         000039FF
_WRT_OFF                          00003FFF
_XT_OSC                           00003FFD
__16F877A                         00000001


MEMORY USAGE MAP ('X' = Used,  '-' = Unused)

0000 : X---XXXXXXXXXXXX XXXXXXXXXXXXXXXX XXXXXXXXXXXXXXXX XXXX------------
2000 : -------X-------- ---------------- ---------------- ----------------

All other memory blocks unused.

Program Memory Words Used:    49
Program Memory Words Free:  8143


Errors   :     0
Warnings :     1 reported,     0 suppressed
Messages :     5 reported,     0 suppressed

