MPASM  5.37                           PR6.ASM   10-6-2021  15:32:06         PAGE  1


LOC  OBJECT CODE     LINE SOURCE TEXT
  VALUE

                      00001 ;* * * * * * * * * * * * * * * * * * * * * * * * * * * * * * * * * *
                      00002 ;*                       NOME DO PROJETO                           *
                      00003 ;*                           CLIENTE                               *
                      00004 ;*         DESENVOLVIDO PELO DEL ENGENHARIA E CONSULTORIA      *
                      00005 ;*   VERSÃO: 1.0                           DATA: 17/06/10          *
                      00006 ;* * * * * * * * * * * * * * * * * * * * * * * * * * * * * * * * * *
                      00007 ;*                     DESCRIÇÃO DO ARQUIVO                        *
                      00008 ;*-----------------------------------------------------------------*
                      00009 ;*   MODELO PARA PIC 16F877A                                       *
                      00010 ;*                                                                 *
                      00011 ;*                                                                 *
                      00012 ;* * * * * * * * * * * * * * * * * * * * * * * * * * * * * * * * * *
                      00013 
                      00014 ;* * * * * * * * * * * * * * * * * * * * * * * * * * * * * * * * * *
                      00015 ;*                     ARQUIVOS DE DEFINIÇÕES                      *
                      00016 ;* * * * * * * * * * * * * * * * * * * * * * * * * * * * * * * * * *
                      00017 #INCLUDE <P16F877A.INC> ;ARQUIVO PADRÃO MICROCHIP PARA 16F877A
                      00001         LIST
                      00002 ; P16F877A.INC  Standard Header File, Version 1.00    Microchip Technology, Inc.
                      00400         LIST
                      00018 
2007   3F72           00019         __CONFIG _CP_OFF & _PWRTE_ON & _WDT_OFF & _LVP_OFF & _HS_OSC
                      00020 
                      00021 ;* * * * * * * * * * * * * * * * * * * * * * * * * * * * * * * * * *
                      00022 ;*                    PAGINAÇÃO DE MEMÓRIA                         *
                      00023 ;* * * * * * * * * * * * * * * * * * * * * * * * * * * * * * * * * *
                      00024 ;DEFINIÇÃO DE COMANDOS DE USUÁRIO PARA ALTERAÇÃO DA PÁGINA DE MEMÓRIA
                      00025 #DEFINE BANK0   BCF STATUS,RP0  ;SETA BANK 0 DE MEMÓRIA
                      00026 #DEFINE BANK1   BSF STATUS,RP0  ;SETA BANK 1 DE MAMÓRIA
                      00027 
                      00028 ;* * * * * * * * * * * * * * * * * * * * * * * * * * * * * * * * * *
                      00029 ;*                         VARIÁVEIS                               *
                      00030 ;* * * * * * * * * * * * * * * * * * * * * * * * * * * * * * * * * *
                      00031 ; DEFINIÇÃO DOS NOMES E ENDEREÇOS DE TODAS AS VARIÁVEIS UTILIZADAS 
                      00032 ; PELO SISTEMA
                      00033         CBLOCK  0x20    ;ENDEREÇO INICIAL DA MEMÓRIA DE
                      00034                                         ;USUÁRIO
  00000020            00035                 W_TEMP          ;REGISTRADORES TEMPORÁRIOS PARA USO
  00000021            00036                 STATUS_TEMP     ;JUNTO ÀS INTERRUPÇÕES
                      00037 
                      00038                 ;NOVAS VARIÁVEIS
                      00039         
  00000022            00040                 VALOR ;VARIÁVEL RESPONSÁVEL PELO CONTADOR
  00000023            00041                 TFILTRO ;VARIÁVEL RESPONSÁVEL PELO FILTRO
  00000024            00042                 TFILTRODEC ;VARIÁVEL RESPONSÁVEL PELO FILTRO DO DECREMENTO  
                      00043 
                      00044         ENDC                    ;FIM DO BLOCO DE MEMÓRIA
                      00045 ;* * * * * * * * * * * * * * * * * * * * * * * * * * * * * * * * * *
                      00046 ;*                        FLAGS INTERNOS                           *
                      00047 ;* * * * * * * * * * * * * * * * * * * * * * * * * * * * * * * * * *
                      00048 ; DEFINIÇÃO DE TODOS OS FLAGS UTILIZADOS PELO SISTEMA
                      00049 
                      00050 ;* * * * * * * * * * * * * * * * * * * * * * * * * * * * * * * * * *
MPASM  5.37                           PR6.ASM   10-6-2021  15:32:06         PAGE  2


LOC  OBJECT CODE     LINE SOURCE TEXT
  VALUE

                      00051 ;*                         CONSTANTES                              *
                      00052 ;* * * * * * * * * * * * * * * * * * * * * * * * * * * * * * * * * *
                      00053 ; DEFINIÇÃO DE TODAS AS CONSTANTES UTILIZADAS PELO SISTEMA
  000000FF            00054 VALORMAXIMO EQU .255
  00000000            00055 VALORMINIMO EQU .0
                      00056 
                      00057 ;* * * * * * * * * * * * * * * * * * * * * * * * * * * * * * * * * *
                      00058 ;*                           ENTRADAS                              *
                      00059 ;* * * * * * * * * * * * * * * * * * * * * * * * * * * * * * * * * *
                      00060 ; DEFINIÇÃO DE TODOS OS PINOS QUE SERÃO UTILIZADOS COMO ENTRADA
                      00061 ; RECOMENDAMOS TAMBÉM COMENTAR O SIGNIFICADO DE SEUS ESTADOS (0 E 1)
                      00062 #DEFINE SW4 PORTB,0
                      00063 
                      00064 ;* * * * * * * * * * * * * * * * * * * * * * * * * * * * * * * * * *
                      00065 ;*                           SAÍDAS                                *
                      00066 ;* * * * * * * * * * * * * * * * * * * * * * * * * * * * * * * * * *
                      00067 ; DEFINIÇÃO DE TODOS OS PINOS QUE SERÃO UTILIZADOS COMO SAÍDA
                      00068 ; RECOMENDAMOS TAMBÉM COMENTAR O SIGNIFICADO DE SEUS ESTADOS (0 E 1)
                      00069 
                      00070 ;* * * * * * * * * * * * * * * * * * * * * * * * * * * * * * * * * *
                      00071 ;*                       VETOR DE RESET                            *
                      00072 ;* * * * * * * * * * * * * * * * * * * * * * * * * * * * * * * * * *
                      00073 
0000                  00074         ORG     0x00                    ;ENDEREÇO INICIAL DE PROCESSAMENTO
0000   2838           00075         GOTO    INICIO
                      00076         
                      00077 ;* * * * * * * * * * * * * * * * * * * * * * * * * * * * * * * * * *
                      00078 ;*                    INÍCIO DA INTERRUPÇÃO                        *
                      00079 ;* * * * * * * * * * * * * * * * * * * * * * * * * * * * * * * * * *
                      00080 ; ENDEREÇO DE DESVIO DAS INTERRUPÇÕES. A PRIMEIRA TAREFA É SALVAR OS
                      00081 ; VALORES DE "W" E "STATUS" PARA RECUPERAÇÃO FUTURA
                      00082 
0004                  00083         ORG     0x04                    ;ENDEREÇO INICIAL DA INTERRUPÇÃO
0004   00A0           00084         MOVWF   W_TEMP          ;COPIA W PARA W_TEMP
0005   0E03           00085         SWAPF   STATUS,W
0006   00A1           00086         MOVWF   STATUS_TEMP     ;COPIA STATUS PARA STATUS_TEMP
                      00087 
                      00088 
                      00089 ;* * * * * * * * * * * * * * * * * * * * * * * * * * * * * * * * * *
                      00090 ;*                    ROTINA DE INTERRUPÇÃO                        *
                      00091 ;* * * * * * * * * * * * * * * * * * * * * * * * * * * * * * * * * *
                      00092 ; AQUI SERÁ ESCRITA AS ROTINAS DE RECONHECIMENTO E TRATAMENTO DAS
                      00093 ; INTERRUPÇÕES
                      00094 
                      00095 ;* * * * * * * * * * * * * * * * * * * * * * * * * * * * * * * * * *
                      00096 ;*                 ROTINA DE SAÍDA DA INTERRUPÇÃO                  *
                      00097 ;* * * * * * * * * * * * * * * * * * * * * * * * * * * * * * * * * *
                      00098 ; OS VALORES DE "W" E "STATUS" DEVEM SER RECUPERADOS ANTES DE 
                      00099 ; RETORNAR DA INTERRUPÇÃO
                      00100 
0007                  00101 SAI_INT
0007   0E21           00102         SWAPF   STATUS_TEMP,W
0008   0083           00103         MOVWF   STATUS          ;MOVE STATUS_TEMP PARA STATUS
MPASM  5.37                           PR6.ASM   10-6-2021  15:32:06         PAGE  3


LOC  OBJECT CODE     LINE SOURCE TEXT
  VALUE

0009   0EA0           00104         SWAPF   W_TEMP,F
000A   0E20           00105         SWAPF   W_TEMP,W        ;MOVE W_TEMP PARA W
000B   0009           00106         RETFIE
                      00107 
                      00108 ;* * * * * * * * * * * * * * * * * * * * * * * * * * * * * * * * * *
                      00109 ;*                       ROTINAS E SUBROTINAS                      *
                      00110 ;* * * * * * * * * * * * * * * * * * * * * * * * * * * * * * * * * *
                      00111 ; CADA ROTINA OU SUBROTINA DEVE POSSUIR A DESCRIÇÃO DE FUNCIONAMENTO
                      00112 ; E UM NOME COERENTE ÀS SUAS FUNÇÕES.
                      00113 
000C                  00114 INCREMENTA 
000C   0AA2           00115         INCF    VALOR,1
000D   2013           00116         CALL    EXIBE
000E   0822           00117         MOVFW   VALOR
000F   3CFF           00118         SUBLW   VALORMAXIMO
0010   1D03           00119         BTFSS   STATUS,Z
0011   281F           00120         GOTO    TRAVA
0012   2816           00121         GOTO    DECREMENTA      
                      00122         
                      00123 
0013                  00124 EXIBE 
0013   0922           00125         COMF    VALOR,0
0014   0088           00126         MOVWF   PORTD
0015   0008           00127         RETURN  
                      00128 
0016                  00129 DECREMENTA
0016   03A2           00130         DECF    VALOR,1
0017   2013           00131         CALL    EXIBE
0018   0822           00132         MOVFW   VALOR
0019   1903           00133         BTFSC   STATUS,Z
001A   284A           00134         GOTO    MAIN
001B   2822           00135         GOTO    TRAVA2  
                      00136 
001C                  00137 TESTE
001C   1C06           00138         BTFSS SW4
001D   2833           00139         GOTO FILTRO2
001E   281C           00140         GOTO TESTE
                      00141 
001F                  00142 TRAVA
001F   1806           00143         BTFSC SW4
0020   284A           00144         GOTO MAIN ;VOLTAR PARA GOTO MAIN SE DER ERRADO
0021   281F           00145         GOTO TRAVA
                      00146 
0022                  00147 TRAVA2
0022   1806           00148     BTFSC SW4
0023   281C           00149         GOTO TESTE ;VOLTAR PARA GOTO TESTE SE DER ERRADO
0024   2822           00150         GOTO TRAVA2
                      00151 
0025                  00152 TESTECHAVE
0025   1C06           00153         BTFSS   SW4
0026   282A           00154         GOTO    FILTRO
0027   30FF           00155         MOVLW   VALORMAXIMO
0028   00A3           00156         MOVWF   TFILTRO 
MPASM  5.37                           PR6.ASM   10-6-2021  15:32:06         PAGE  4


LOC  OBJECT CODE     LINE SOURCE TEXT
  VALUE

0029   282A           00157         GOTO    FILTRO
                      00158         
002A                  00159 FILTRO
002A   03A3           00160         DECF    TFILTRO,1
002B   1D03           00161         BTFSS   STATUS, Z
002C   2825           00162         GOTO    TESTECHAVE
002D   280C           00163         GOTO    INCREMENTA
                      00164 
002E                  00165 TESTECHAVE2
002E   1C06           00166         BTFSS   SW4
002F   282A           00167         GOTO    FILTRO
0030   30FF           00168         MOVLW   VALORMAXIMO
0031   00A4           00169         MOVWF   TFILTRODEC      
0032   2833           00170         GOTO    FILTRO2
                      00171         
0033                  00172 FILTRO2
0033   03A4           00173         DECF    TFILTRODEC,1
0034   0824           00174         MOVFW   TFILTRODEC
0035   1903           00175         BTFSC   STATUS, Z
0036   2825           00176         GOTO    TESTECHAVE
0037   2816           00177         GOTO    DECREMENTA
                      00178 
                      00179 
                      00180 ;* * * * * * * * * * * * * * * * * * * * * * * * * * * * * * * * * *
                      00181 ;*                     INICIO DO PROGRAMA                          *
                      00182 ;* * * * * * * * * * * * * * * * * * * * * * * * * * * * * * * * * *
                      00183         
0038                  00184 INICIO
0038   1683           00185         BANK1                           ;ALTERA PARA O BANCO 1
0039   3000           00186     MOVLW       B'00000000'
Message[302]: Register in operand not in bank 0.  Ensure that bank bits are correct.
003A   0088           00187         MOVWF   TRISD           ;DEFINE ENTRADAS E SAÍDAS DO PORT
003B   30FF           00188         MOVLW   B'11111111'
Message[302]: Register in operand not in bank 0.  Ensure that bank bits are correct.
003C   0086           00189         MOVWF   TRISB           ;DEFINE ENTRADAS E SAÍDAS DO PORTB
003D   3004           00190         MOVLW   B'00000100'
Message[302]: Register in operand not in bank 0.  Ensure that bank bits are correct.
003E   0081           00191         MOVWF   OPTION_REG      ;DEFINE OPÇÕES DE OPERAÇÃO
003F   3080           00192         MOVLW   B'10000000'
0040   008B           00193         MOVWF   INTCON  
                      00194         
                      00195 
                      00196         ;DEFINE OPÇÕES DE INTERRUPÇÕES
0041   1283           00197         BANK0                           ;RETORNA PARA O BANCO
0042   302B           00198         MOVLW   B'00101011'
0043   0090           00199     MOVWF       T1CON
                      00200 ;* * * * * * * * * * * * * * * * * * * * * * * * * * * * * * * * * *
                      00201 ;*                     INICIALIZAÇÃO DAS VARIÁVEIS                 *
                      00202 ;* * * * * * * * * * * * * * * * * * * * * * * * * * * * * * * * * *
0044   01A2           00203         CLRF    VALOR
0045   30FF           00204         MOVLW   VALORMAXIMO
0046   00A3           00205         MOVWF   TFILTRO 
0047   30FF           00206         MOVLW   VALORMAXIMO
MPASM  5.37                           PR6.ASM   10-6-2021  15:32:06         PAGE  5


LOC  OBJECT CODE     LINE SOURCE TEXT
  VALUE

0048   00A4           00207         MOVWF   TFILTRODEC      
0049   2013           00208         CALL    EXIBE
                      00209 ;* * * * * * * * * * * * * * * * * * * * * * * * * * * * * * * * * *
                      00210 ;*                     ROTINA PRINCIPAL                            *
                      00211 ;* * * * * * * * * * * * * * * * * * * * * * * * * * * * * * * * * *
004A                  00212 MAIN
                      00213 
004A   1C06           00214         BTFSS   SW4
004B   282A           00215         GOTO    FILTRO 
                      00216         
                      00217 
004C   284A           00218         GOTO    MAIN
                      00219 
                      00220 ;* * * * * * * * * * * * * * * * * * * * * * * * * * * * * * * * * *
                      00221 ;*                       FIM DO PROGRAMA                           *
                      00222 ;* * * * * * * * * * * * * * * * * * * * * * * * * * * * * * * * * *
                      00223 
                      00224         END
MPASM  5.37                           PR6.ASM   10-6-2021  15:32:06         PAGE  6


SYMBOL TABLE
  LABEL                             VALUE 

ACKDT                             00000005
ACKEN                             00000004
ACKSTAT                           00000006
ADCON0                            0000001F
ADCON1                            0000009F
ADCS0                             00000006
ADCS1                             00000007
ADCS2                             00000006
ADDEN                             00000003
ADFM                              00000007
ADIE                              00000006
ADIF                              00000006
ADON                              00000000
ADRESH                            0000001E
ADRESL                            0000009E
BANK0                             BCF STATUS,RP0
BANK1                             BSF STATUS,RP0
BCLIE                             00000003
BCLIF                             00000003
BF                                00000000
BRGH                              00000002
C                                 00000000
C1INV                             00000004
C1OUT                             00000006
C2INV                             00000005
C2OUT                             00000007
CCP1CON                           00000017
CCP1IE                            00000002
CCP1IF                            00000002
CCP1M0                            00000000
CCP1M1                            00000001
CCP1M2                            00000002
CCP1M3                            00000003
CCP1X                             00000005
CCP1Y                             00000004
CCP2CON                           0000001D
CCP2IE                            00000000
CCP2IF                            00000000
CCP2M0                            00000000
CCP2M1                            00000001
CCP2M2                            00000002
CCP2M3                            00000003
CCP2X                             00000005
CCP2Y                             00000004
CCPR1H                            00000016
CCPR1L                            00000015
CCPR2H                            0000001C
CCPR2L                            0000001B
CHS0                              00000003
CHS1                              00000004
CHS2                              00000005
CIS                               00000003
CKE                               00000006
MPASM  5.37                           PR6.ASM   10-6-2021  15:32:06         PAGE  7


SYMBOL TABLE
  LABEL                             VALUE 

CKP                               00000004
CM0                               00000000
CM1                               00000001
CM2                               00000002
CMCON                             0000009C
CMIE                              00000006
CMIF                              00000006
CREN                              00000004
CSRC                              00000007
CVR0                              00000000
CVR1                              00000001
CVR2                              00000002
CVR3                              00000003
CVRCON                            0000009D
CVREN                             00000007
CVROE                             00000006
CVRR                              00000005
D                                 00000005
DATA_ADDRESS                      00000005
DC                                00000001
DECREMENTA                        00000016
D_A                               00000005
EEADR                             0000010D
EEADRH                            0000010F
EECON1                            0000018C
EECON2                            0000018D
EEDATA                            0000010C
EEDATH                            0000010E
EEIE                              00000004
EEIF                              00000004
EEPGD                             00000007
EXIBE                             00000013
F                                 00000001
FERR                              00000002
FILTRO                            0000002A
FILTRO2                           00000033
FSR                               00000004
GCEN                              00000007
GIE                               00000007
GO                                00000002
GO_DONE                           00000002
I2C_DATA                          00000005
I2C_READ                          00000002
I2C_START                         00000003
I2C_STOP                          00000004
IBF                               00000007
IBOV                              00000005
INCREMENTA                        0000000C
INDF                              00000000
INICIO                            00000038
INTCON                            0000000B
INTE                              00000004
INTEDG                            00000006
MPASM  5.37                           PR6.ASM   10-6-2021  15:32:06         PAGE  8


SYMBOL TABLE
  LABEL                             VALUE 

INTF                              00000001
IRP                               00000007
MAIN                              0000004A
NOT_A                             00000005
NOT_ADDRESS                       00000005
NOT_BO                            00000000
NOT_BOR                           00000000
NOT_DONE                          00000002
NOT_PD                            00000003
NOT_POR                           00000001
NOT_RBPU                          00000007
NOT_RC8                           00000006
NOT_T1SYNC                        00000002
NOT_TO                            00000004
NOT_TX8                           00000006
NOT_W                             00000002
NOT_WRITE                         00000002
OBF                               00000006
OERR                              00000001
OPTION_REG                        00000081
P                                 00000004
PCFG0                             00000000
PCFG1                             00000001
PCFG2                             00000002
PCFG3                             00000003
PCL                               00000002
PCLATH                            0000000A
PCON                              0000008E
PEIE                              00000006
PEN                               00000002
PIE1                              0000008C
PIE2                              0000008D
PIR1                              0000000C
PIR2                              0000000D
PORTA                             00000005
PORTB                             00000006
PORTC                             00000007
PORTD                             00000008
PORTE                             00000009
PR2                               00000092
PS0                               00000000
PS1                               00000001
PS2                               00000002
PSA                               00000003
PSPIE                             00000007
PSPIF                             00000007
PSPMODE                           00000004
R                                 00000002
RBIE                              00000003
RBIF                              00000000
RC8_9                             00000006
RC9                               00000006
RCD8                              00000000
MPASM  5.37                           PR6.ASM   10-6-2021  15:32:06         PAGE  9


SYMBOL TABLE
  LABEL                             VALUE 

RCEN                              00000003
RCIE                              00000005
RCIF                              00000005
RCREG                             0000001A
RCSTA                             00000018
RD                                00000000
READ_WRITE                        00000002
RP0                               00000005
RP1                               00000006
RSEN                              00000001
RX9                               00000006
RX9D                              00000000
R_W                               00000002
S                                 00000003
SAI_INT                           00000007
SEN                               00000000
SMP                               00000007
SPBRG                             00000099
SPEN                              00000007
SREN                              00000005
SSPADD                            00000093
SSPBUF                            00000013
SSPCON                            00000014
SSPCON2                           00000091
SSPEN                             00000005
SSPIE                             00000003
SSPIF                             00000003
SSPM0                             00000000
SSPM1                             00000001
SSPM2                             00000002
SSPM3                             00000003
SSPOV                             00000006
SSPSTAT                           00000094
STATUS                            00000003
STATUS_TEMP                       00000021
SW4                               PORTB,0
SYNC                              00000004
T0CS                              00000005
T0IE                              00000005
T0IF                              00000002
T0SE                              00000004
T1CKPS0                           00000004
T1CKPS1                           00000005
T1CON                             00000010
T1INSYNC                          00000002
T1OSCEN                           00000003
T1SYNC                            00000002
T2CKPS0                           00000000
T2CKPS1                           00000001
T2CON                             00000012
TESTE                             0000001C
TESTECHAVE                        00000025
TESTECHAVE2                       0000002E
MPASM  5.37                           PR6.ASM   10-6-2021  15:32:06         PAGE 10


SYMBOL TABLE
  LABEL                             VALUE 

TFILTRO                           00000023
TFILTRODEC                        00000024
TMR0                              00000001
TMR0IE                            00000005
TMR0IF                            00000002
TMR1CS                            00000001
TMR1H                             0000000F
TMR1IE                            00000000
TMR1IF                            00000000
TMR1L                             0000000E
TMR1ON                            00000000
TMR2                              00000011
TMR2IE                            00000001
TMR2IF                            00000001
TMR2ON                            00000002
TOUTPS0                           00000003
TOUTPS1                           00000004
TOUTPS2                           00000005
TOUTPS3                           00000006
TRAVA                             0000001F
TRAVA2                            00000022
TRISA                             00000085
TRISB                             00000086
TRISC                             00000087
TRISD                             00000088
TRISE                             00000089
TRISE0                            00000000
TRISE1                            00000001
TRISE2                            00000002
TRMT                              00000001
TX8_9                             00000006
TX9                               00000006
TX9D                              00000000
TXD8                              00000000
TXEN                              00000005
TXIE                              00000004
TXIF                              00000004
TXREG                             00000019
TXSTA                             00000098
UA                                00000001
VALOR                             00000022
VALORMAXIMO                       000000FF
VALORMINIMO                       00000000
W                                 00000000
WCOL                              00000007
WR                                00000001
WREN                              00000002
WRERR                             00000003
W_TEMP                            00000020
Z                                 00000002
_BODEN_OFF                        00003FBF
_BODEN_ON                         00003FFF
_CPD_OFF                          00003FFF
MPASM  5.37                           PR6.ASM   10-6-2021  15:32:06         PAGE 11


SYMBOL TABLE
  LABEL                             VALUE 

_CPD_ON                           00003EFF
_CP_ALL                           00001FFF
_CP_OFF                           00003FFF
_DEBUG_OFF                        00003FFF
_DEBUG_ON                         000037FF
_HS_OSC                           00003FFE
_LP_OSC                           00003FFC
_LVP_OFF                          00003F7F
_LVP_ON                           00003FFF
_PWRTE_OFF                        00003FFF
_PWRTE_ON                         00003FF7
_RC_OSC                           00003FFF
_WDT_OFF                          00003FFB
_WDT_ON                           00003FFF
_WRT_1FOURTH                      00003BFF
_WRT_256                          00003DFF
_WRT_HALF                         000039FF
_WRT_OFF                          00003FFF
_XT_OSC                           00003FFD
__16F877A                         00000001


MEMORY USAGE MAP ('X' = Used,  '-' = Unused)

0000 : X---XXXXXXXXXXXX XXXXXXXXXXXXXXXX XXXXXXXXXXXXXXXX XXXXXXXXXXXXXXXX
0040 : XXXXXXXXXXXXX--- ---------------- ---------------- ----------------
2000 : -------X-------- ---------------- ---------------- ----------------

All other memory blocks unused.

Program Memory Words Used:    74
Program Memory Words Free:  8118


Errors   :     0
Warnings :     0 reported,     0 suppressed
Messages :     3 reported,     0 suppressed

