MPASM  5.14                           PR8.ASM   5-17-2019  10:58:32         PAGE  1


LOC  OBJECT CODE     LINE SOURCE TEXT
  VALUE

                      00001 ;* * * * * * * * * * * * * * * * * * * * * * * * * * * * * * * * * *
                      00002 ;*                       NOME DO PROJETO                           *
                      00003 ;*                           CLIENTE                               *
                      00004 ;*         DESENVOLVIDO PELO DEL ENGENHARIA E CONSULTORIA      *
                      00005 ;*   VERSÃO: 1.0                           DATA: 17/06/10          *
                      00006 ;* * * * * * * * * * * * * * * * * * * * * * * * * * * * * * * * * *
                      00007 ;*                     DESCRIÇÃO DO ARQUIVO                        *
                      00008 ;*-----------------------------------------------------------------*
                      00009 ;*   MODELO PARA PIC 16F877A                                       *
                      00010 ;*                                                                 *
                      00011 ;*                                                                 *
                      00012 ;* * * * * * * * * * * * * * * * * * * * * * * * * * * * * * * * * *
                      00013 
                      00014 ;* * * * * * * * * * * * * * * * * * * * * * * * * * * * * * * * * *
                      00015 ;*                     ARQUIVOS DE DEFINIÇÕES                      *
                      00016 ;* * * * * * * * * * * * * * * * * * * * * * * * * * * * * * * * * *
                      00017 #INCLUDE <P16F877A.INC> ;ARQUIVO PADRÃO MICROCHIP PARA 16F877A
                      00001         LIST
                      00002 ; P16F877A.INC  Standard Header File, Version 1.00    Microchip Technology, Inc.
                      00400         LIST
                      00018 
2007   3F72           00019         __CONFIG _CP_OFF & _PWRTE_ON & _WDT_OFF & _LVP_OFF & _HS_OSC
                      00020 
                      00021 ;* * * * * * * * * * * * * * * * * * * * * * * * * * * * * * * * * *
                      00022 ;*                    PAGINAÇÃO DE MEMÓRIA                         *
                      00023 ;* * * * * * * * * * * * * * * * * * * * * * * * * * * * * * * * * *
                      00024 ;DEFINIÇÃO DE COMANDOS DE USUÁRIO PARA ALTERAÇÃO DA PÁGINA DE MEMÓRIA
                      00025 #DEFINE BANK0   BCF STATUS,RP0  ;SETA BANK 0 DE MEMÓRIA
                      00026 #DEFINE BANK1   BSF STATUS,RP0  ;SETA BANK 1 DE MAMÓRIA
                      00027 ;* * * * * * * * * * * * * * * * * * * * * * * * * * * * * * * * * *
                      00028 ;*                         VARIÁVEIS                               *
                      00029 ;* * * * * * * * * * * * * * * * * * * * * * * * * * * * * * * * * *
                      00030 ; DEFINIÇÃO DOS NOMES E ENDEREÇOS DE TODAS AS VARIÁVEIS UTILIZADAS 
                      00031 ; PELO SISTEMA
                      00032         CBLOCK  0x20    ;ENDEREÇO INICIAL DA MEMÓRIA DE
                      00033                                         ;USUÁRIO
  00000020            00034                 W_TEMP          ;REGISTRADORES TEMPORÁRIOS PARA USO
  00000021            00035                 STATUS_TEMP     ;JUNTO ÀS INTERRUPÇÕES
                      00036 
                      00037                 ;NOVAS VARIÁVEIS
                      00038 
                      00039         ENDC                    ;FIM DO BLOCO DE MEMÓRIA
                      00040 ;* * * * * * * * * * * * * * * * * * * * * * * * * * * * * * * * * *
                      00041 ;*                        FLAGS INTERNOS                           *
                      00042 ;* * * * * * * * * * * * * * * * * * * * * * * * * * * * * * * * * *
                      00043 ; DEFINIÇÃO DE TODOS OS FLAGS UTILIZADOS PELO SISTEMA
                      00044 
                      00045 ;* * * * * * * * * * * * * * * * * * * * * * * * * * * * * * * * * *
                      00046 ;*                         CONSTANTES                              *
                      00047 ;* * * * * * * * * * * * * * * * * * * * * * * * * * * * * * * * * *
                      00048 ; DEFINIÇÃO DE TODAS AS CONSTANTES UTILIZADAS PELO SISTEMA
                      00049 
                      00050 ;* * * * * * * * * * * * * * * * * * * * * * * * * * * * * * * * * *
MPASM  5.14                           PR8.ASM   5-17-2019  10:58:32         PAGE  2


LOC  OBJECT CODE     LINE SOURCE TEXT
  VALUE

                      00051 ;*                           ENTRADAS                              *
                      00052 ;* * * * * * * * * * * * * * * * * * * * * * * * * * * * * * * * * *
                      00053 ; DEFINIÇÃO DE TODOS OS PINOS QUE SERÃO UTILIZADOS COMO ENTRADA
                      00054 ; RECOMENDAMOS TAMBÉM COMENTAR O SIGNIFICADO DE SEUS ESTADOS (0 E 1)
                      00055 #DEFINE BT1     PORTC,0
                      00056 #DEFINE BT2 PORTC,1
                      00057 #DEFINE BT3 PORTB,0
                      00058 #DEFINE BT4 PORTB,2
                      00059 #DEFINE BT5 PORTB,1
                      00060 ;* * * * * * * * * * * * * * * * * * * * * * * * * * * * * * * * * *
                      00061 ;*                           SAÍDAS                                *
                      00062 ;* * * * * * * * * * * * * * * * * * * * * * * * * * * * * * * * * *
                      00063 ; DEFINIÇÃO DE TODOS OS PINOS QUE SERÃO UTILIZADOS COMO SAÍDA
                      00064 ; RECOMENDAMOS TAMBÉM COMENTAR O SIGNIFICADO DE SEUS ESTADOS (0 E 1)
                      00065 #DEFINE LED0 PORTD,0
                      00066 #DEFINE LED1 PORTD,1
                      00067 #DEFINE LED2 PORTD,2
                      00068 #DEFINE LED3 PORTD,3
                      00069 #DEFINE LED4 PORTD,4
                      00070 ;* * * * * * * * * * * * * * * * * * * * * * * * * * * * * * * * * *
                      00071 ;*                       VETOR DE RESET                            *
                      00072 ;* * * * * * * * * * * * * * * * * * * * * * * * * * * * * * * * * *
                      00073 
0000                  00074         ORG     0x00                    ;ENDEREÇO INICIAL DE PROCESSAMENTO
0000   2820           00075         GOTO    INICIO
                      00076         
                      00077 ;* * * * * * * * * * * * * * * * * * * * * * * * * * * * * * * * * *
                      00078 ;*                    INÍCIO DA INTERRUPÇÃO                        *
                      00079 ;* * * * * * * * * * * * * * * * * * * * * * * * * * * * * * * * * *
                      00080 ; ENDEREÇO DE DESVIO DAS INTERRUPÇÕES. A PRIMEIRA TAREFA É SALVAR OS
                      00081 ; VALORES DE "W" E "STATUS" PARA RECUPERAÇÃO FUTURA
                      00082 
0004                  00083         ORG     0x04                    ;ENDEREÇO INICIAL DA INTERRUPÇÃO
0004   00A0           00084         MOVWF   W_TEMP          ;COPIA W PARA W_TEMP
0005   0E03           00085         SWAPF   STATUS,W
0006   00A1           00086         MOVWF   STATUS_TEMP     ;COPIA STATUS PARA STATUS_TEMP
                      00087 
                      00088 
                      00089 ;* * * * * * * * * * * * * * * * * * * * * * * * * * * * * * * * * *
                      00090 ;*                    ROTINA DE INTERRUPÇÃO                        *
                      00091 ;* * * * * * * * * * * * * * * * * * * * * * * * * * * * * * * * * *
                      00092 ; AQUI SERÁ ESCRITA AS ROTINAS DE RECONHECIMENTO E TRATAMENTO DAS
                      00093 ; INTERRUPÇÕES
                      00094 
                      00095 ;* * * * * * * * * * * * * * * * * * * * * * * * * * * * * * * * * *
                      00096 ;*                 ROTINA DE SAÍDA DA INTERRUPÇÃO                  *
                      00097 ;* * * * * * * * * * * * * * * * * * * * * * * * * * * * * * * * * *
                      00098 ; OS VALORES DE "W" E "STATUS" DEVEM SER RECUPERADOS ANTES DE 
                      00099 ; RETORNAR DA INTERRUPÇÃO
                      00100 
0007                  00101 SAI_INT
0007   0E21           00102         SWAPF   STATUS_TEMP,W
0008   0083           00103         MOVWF   STATUS          ;MOVE STATUS_TEMP PARA STATUS
MPASM  5.14                           PR8.ASM   5-17-2019  10:58:32         PAGE  3


LOC  OBJECT CODE     LINE SOURCE TEXT
  VALUE

0009   0EA0           00104         SWAPF   W_TEMP,F
000A   0E20           00105         SWAPF   W_TEMP,W        ;MOVE W_TEMP PARA W
000B   0009           00106         RETFIE
                      00107 
                      00108 ;* * * * * * * * * * * * * * * * * * * * * * * * * * * * * * * * * *
                      00109 ;*                       ROTINAS E SUBROTINAS                      *
                      00110 ;* * * * * * * * * * * * * * * * * * * * * * * * * * * * * * * * * *
                      00111 ; CADA ROTINA OU SUBROTINA DEVE POSSUIR A DESCRIÇÃO DE FUNCIONAMENTO
                      00112 ; E UM NOME COERENTE ÀS SUAS FUNÇÕES.
                      00113 
000C                  00114 ACENDE0
000C   1008           00115         BCF LED0
000D   2836           00116         GOTO DESVIO2
                      00117 
000E                  00118 APAGA0
000E   1408           00119         BSF     LED0
000F   2836           00120         GOTO DESVIO2
                      00121 
0010                  00122 ACENDE1
0010   1088           00123         BCF LED1
0011   2839           00124         GOTO DESVIO3
                      00125 
0012                  00126 APAGA1
0012   1488           00127         BSF     LED1
0013   2839           00128         GOTO DESVIO3
                      00129 
0014                  00130 ACENDE2
0014   1108           00131         BCF LED2
0015   283C           00132         GOTO DESVIO4
                      00133 
0016                  00134 APAGA2
0016   1508           00135         BSF     LED2
0017   283C           00136         GOTO DESVIO4
                      00137 
0018                  00138 ACENDE3
0018   1188           00139         BCF LED3
0019   283F           00140         GOTO DESVIO5
                      00141 
001A                  00142 APAGA3
001A   1588           00143         BSF     LED3
001B   283F           00144         GOTO DESVIO5
                      00145 
001C                  00146 ACENDE4
001C   1208           00147         BCF LED4
001D   2833           00148         GOTO MAIN
                      00149 
001E                  00150 APAGA4
001E   1608           00151         BSF     LED4
001F   2833           00152         GOTO MAIN
                      00153 
                      00154 ;* * * * * * * * * * * * * * * * * * * * * * * * * * * * * * * * * *
                      00155 ;*                     INICIO DO PROGRAMA                          *
                      00156 ;* * * * * * * * * * * * * * * * * * * * * * * * * * * * * * * * * *
MPASM  5.14                           PR8.ASM   5-17-2019  10:58:32         PAGE  4


LOC  OBJECT CODE     LINE SOURCE TEXT
  VALUE

                      00157         
0020                  00158 INICIO
0020   1683           00159         BANK1                           ;ALTERA PARA O BANCO 1
0021   3000           00160     MOVLW       B'00000000'
Message[302]: Register in operand not in bank 0.  Ensure that bank bits are correct.
0022   0088           00161         MOVWF   TRISD           ;DEFINE ENTRADAS E SAÍDAS DO PORT
0023   30FF           00162         MOVLW   B'11111111'
Message[302]: Register in operand not in bank 0.  Ensure that bank bits are correct.
0024   0086           00163         MOVWF   TRISB           ;DEFINE ENTRADAS E SAÍDAS DO PORTB
0025   30FF           00164         MOVLW   B'11111111'
Message[302]: Register in operand not in bank 0.  Ensure that bank bits are correct.
0026   0087           00165         MOVWF   TRISC
0027   3004           00166         MOVLW   B'00000100'
Message[302]: Register in operand not in bank 0.  Ensure that bank bits are correct.
0028   0081           00167         MOVWF   OPTION_REG      ;DEFINE OPÇÕES DE OPERAÇÃO
0029   3080           00168         MOVLW   B'10000000'
002A   008B           00169         MOVWF   INTCON  
                      00170         
                      00171 
                      00172         ;DEFINE OPÇÕES DE INTERRUPÇÕES
002B   1283           00173         BANK0                           ;RETORNA PARA O BANCO
002C   302B           00174         MOVLW   B'00101011'
002D   0090           00175     MOVWF       T1CON
                      00176 ;* * * * * * * * * * * * * * * * * * * * * * * * * * * * * * * * * *
                      00177 ;*                     INICIALIZAÇÃO DAS VARIÁVEIS                 *
                      00178 ;* * * * * * * * * * * * * * * * * * * * * * * * * * * * * * * * * *
002E   1408           00179         BSF LED0
002F   1488           00180         BSF LED1
0030   1508           00181         BSF LED2
0031   1588           00182         BSF LED3
0032   1608           00183         BSF LED4
                      00184 ;* * * * * * * * * * * * * * * * * * * * * * * * * * * * * * * * * *
                      00185 ;*                     ROTINA PRINCIPAL                            *
                      00186 ;* * * * * * * * * * * * * * * * * * * * * * * * * * * * * * * * * *
0033                  00187 MAIN
                      00188         
0033   1807           00189         BTFSC BT1
0034   280E           00190         GOTO APAGA0
0035   280C           00191         GOTO ACENDE0
0036                  00192 DESVIO2
0036   1887           00193         BTFSC BT2
0037   2812           00194         GOTO APAGA1
0038   2810           00195         GOTO ACENDE1
0039                  00196 DESVIO3
0039   1806           00197         BTFSC BT3
003A   2816           00198         GOTO APAGA2
003B   2814           00199         GOTO ACENDE2
003C                  00200 DESVIO4
003C   1906           00201         BTFSC BT4
003D   281A           00202         GOTO APAGA3
003E   2818           00203         GOTO ACENDE3
003F                  00204 DESVIO5
003F   1886           00205         BTFSC BT5
MPASM  5.14                           PR8.ASM   5-17-2019  10:58:32         PAGE  5


LOC  OBJECT CODE     LINE SOURCE TEXT
  VALUE

0040   281E           00206         GOTO APAGA4
0041   281C           00207         GOTO ACENDE4
                      00208       
                      00209 
0042   2833           00210         GOTO  MAIN
                      00211 
                      00212 ;* * * * * * * * * * * * * * * * * * * * * * * * * * * * * * * * * *
                      00213 ;*                       FIM DO PROGRAMA                           *
                      00214 ;* * * * * * * * * * * * * * * * * * * * * * * * * * * * * * * * * *
                      00215 
                      00216         END
MPASM  5.14                           PR8.ASM   5-17-2019  10:58:32         PAGE  6


SYMBOL TABLE
  LABEL                             VALUE 

ACENDE0                           0000000C
ACENDE1                           00000010
ACENDE2                           00000014
ACENDE3                           00000018
ACENDE4                           0000001C
ACKDT                             00000005
ACKEN                             00000004
ACKSTAT                           00000006
ADCON0                            0000001F
ADCON1                            0000009F
ADCS0                             00000006
ADCS1                             00000007
ADCS2                             00000006
ADDEN                             00000003
ADFM                              00000007
ADIE                              00000006
ADIF                              00000006
ADON                              00000000
ADRESH                            0000001E
ADRESL                            0000009E
APAGA0                            0000000E
APAGA1                            00000012
APAGA2                            00000016
APAGA3                            0000001A
APAGA4                            0000001E
BANK0                             BCF STATUS,RP0
BANK1                             BSF STATUS,RP0
BCLIE                             00000003
BCLIF                             00000003
BF                                00000000
BRGH                              00000002
BT1                               PORTC,0
BT2                               PORTC,1
BT3                               PORTB,0
BT4                               PORTB,2
BT5                               PORTB,1
C                                 00000000
C1INV                             00000004
C1OUT                             00000006
C2INV                             00000005
C2OUT                             00000007
CCP1CON                           00000017
CCP1IE                            00000002
CCP1IF                            00000002
CCP1M0                            00000000
CCP1M1                            00000001
CCP1M2                            00000002
CCP1M3                            00000003
CCP1X                             00000005
CCP1Y                             00000004
CCP2CON                           0000001D
CCP2IE                            00000000
CCP2IF                            00000000
MPASM  5.14                           PR8.ASM   5-17-2019  10:58:32         PAGE  7


SYMBOL TABLE
  LABEL                             VALUE 

CCP2M0                            00000000
CCP2M1                            00000001
CCP2M2                            00000002
CCP2M3                            00000003
CCP2X                             00000005
CCP2Y                             00000004
CCPR1H                            00000016
CCPR1L                            00000015
CCPR2H                            0000001C
CCPR2L                            0000001B
CHS0                              00000003
CHS1                              00000004
CHS2                              00000005
CIS                               00000003
CKE                               00000006
CKP                               00000004
CM0                               00000000
CM1                               00000001
CM2                               00000002
CMCON                             0000009C
CMIE                              00000006
CMIF                              00000006
CREN                              00000004
CSRC                              00000007
CVR0                              00000000
CVR1                              00000001
CVR2                              00000002
CVR3                              00000003
CVRCON                            0000009D
CVREN                             00000007
CVROE                             00000006
CVRR                              00000005
D                                 00000005
DATA_ADDRESS                      00000005
DC                                00000001
DESVIO2                           00000036
DESVIO3                           00000039
DESVIO4                           0000003C
DESVIO5                           0000003F
D_A                               00000005
EEADR                             0000010D
EEADRH                            0000010F
EECON1                            0000018C
EECON2                            0000018D
EEDATA                            0000010C
EEDATH                            0000010E
EEIE                              00000004
EEIF                              00000004
EEPGD                             00000007
F                                 00000001
FERR                              00000002
FSR                               00000004
GCEN                              00000007
MPASM  5.14                           PR8.ASM   5-17-2019  10:58:32         PAGE  8


SYMBOL TABLE
  LABEL                             VALUE 

GIE                               00000007
GO                                00000002
GO_DONE                           00000002
I2C_DATA                          00000005
I2C_READ                          00000002
I2C_START                         00000003
I2C_STOP                          00000004
IBF                               00000007
IBOV                              00000005
INDF                              00000000
INICIO                            00000020
INTCON                            0000000B
INTE                              00000004
INTEDG                            00000006
INTF                              00000001
IRP                               00000007
LED0                              PORTD,0
LED1                              PORTD,1
LED2                              PORTD,2
LED3                              PORTD,3
LED4                              PORTD,4
MAIN                              00000033
NOT_A                             00000005
NOT_ADDRESS                       00000005
NOT_BO                            00000000
NOT_BOR                           00000000
NOT_DONE                          00000002
NOT_PD                            00000003
NOT_POR                           00000001
NOT_RBPU                          00000007
NOT_RC8                           00000006
NOT_T1SYNC                        00000002
NOT_TO                            00000004
NOT_TX8                           00000006
NOT_W                             00000002
NOT_WRITE                         00000002
OBF                               00000006
OERR                              00000001
OPTION_REG                        00000081
P                                 00000004
PCFG0                             00000000
PCFG1                             00000001
PCFG2                             00000002
PCFG3                             00000003
PCL                               00000002
PCLATH                            0000000A
PCON                              0000008E
PEIE                              00000006
PEN                               00000002
PIE1                              0000008C
PIE2                              0000008D
PIR1                              0000000C
PIR2                              0000000D
MPASM  5.14                           PR8.ASM   5-17-2019  10:58:32         PAGE  9


SYMBOL TABLE
  LABEL                             VALUE 

PORTA                             00000005
PORTB                             00000006
PORTC                             00000007
PORTD                             00000008
PORTE                             00000009
PR2                               00000092
PS0                               00000000
PS1                               00000001
PS2                               00000002
PSA                               00000003
PSPIE                             00000007
PSPIF                             00000007
PSPMODE                           00000004
R                                 00000002
RBIE                              00000003
RBIF                              00000000
RC8_9                             00000006
RC9                               00000006
RCD8                              00000000
RCEN                              00000003
RCIE                              00000005
RCIF                              00000005
RCREG                             0000001A
RCSTA                             00000018
RD                                00000000
READ_WRITE                        00000002
RP0                               00000005
RP1                               00000006
RSEN                              00000001
RX9                               00000006
RX9D                              00000000
R_W                               00000002
S                                 00000003
SAI_INT                           00000007
SEN                               00000000
SMP                               00000007
SPBRG                             00000099
SPEN                              00000007
SREN                              00000005
SSPADD                            00000093
SSPBUF                            00000013
SSPCON                            00000014
SSPCON2                           00000091
SSPEN                             00000005
SSPIE                             00000003
SSPIF                             00000003
SSPM0                             00000000
SSPM1                             00000001
SSPM2                             00000002
SSPM3                             00000003
SSPOV                             00000006
SSPSTAT                           00000094
STATUS                            00000003
MPASM  5.14                           PR8.ASM   5-17-2019  10:58:32         PAGE 10


SYMBOL TABLE
  LABEL                             VALUE 

STATUS_TEMP                       00000021
SYNC                              00000004
T0CS                              00000005
T0IE                              00000005
T0IF                              00000002
T0SE                              00000004
T1CKPS0                           00000004
T1CKPS1                           00000005
T1CON                             00000010
T1INSYNC                          00000002
T1OSCEN                           00000003
T1SYNC                            00000002
T2CKPS0                           00000000
T2CKPS1                           00000001
T2CON                             00000012
TMR0                              00000001
TMR0IE                            00000005
TMR0IF                            00000002
TMR1CS                            00000001
TMR1H                             0000000F
TMR1IE                            00000000
TMR1IF                            00000000
TMR1L                             0000000E
TMR1ON                            00000000
TMR2                              00000011
TMR2IE                            00000001
TMR2IF                            00000001
TMR2ON                            00000002
TOUTPS0                           00000003
TOUTPS1                           00000004
TOUTPS2                           00000005
TOUTPS3                           00000006
TRISA                             00000085
TRISB                             00000086
TRISC                             00000087
TRISD                             00000088
TRISE                             00000089
TRISE0                            00000000
TRISE1                            00000001
TRISE2                            00000002
TRMT                              00000001
TX8_9                             00000006
TX9                               00000006
TX9D                              00000000
TXD8                              00000000
TXEN                              00000005
TXIE                              00000004
TXIF                              00000004
TXREG                             00000019
TXSTA                             00000098
UA                                00000001
W                                 00000000
WCOL                              00000007
MPASM  5.14                           PR8.ASM   5-17-2019  10:58:32         PAGE 11


SYMBOL TABLE
  LABEL                             VALUE 

WR                                00000001
WREN                              00000002
WRERR                             00000003
W_TEMP                            00000020
Z                                 00000002
_BODEN_OFF                        00003FBF
_BODEN_ON                         00003FFF
_CPD_OFF                          00003FFF
_CPD_ON                           00003EFF
_CP_ALL                           00001FFF
_CP_OFF                           00003FFF
_DEBUG_OFF                        00003FFF
_DEBUG_ON                         000037FF
_HS_OSC                           00003FFE
_LP_OSC                           00003FFC
_LVP_OFF                          00003F7F
_LVP_ON                           00003FFF
_PWRTE_OFF                        00003FFF
_PWRTE_ON                         00003FF7
_RC_OSC                           00003FFF
_WDT_OFF                          00003FFB
_WDT_ON                           00003FFF
_WRT_1FOURTH                      00003BFF
_WRT_256                          00003DFF
_WRT_HALF                         000039FF
_WRT_OFF                          00003FFF
_XT_OSC                           00003FFD
__16F877A                         00000001


MEMORY USAGE MAP ('X' = Used,  '-' = Unused)

0000 : X---XXXXXXXXXXXX XXXXXXXXXXXXXXXX XXXXXXXXXXXXXXXX XXXXXXXXXXXXXXXX
0040 : XXX------------- ---------------- ---------------- ----------------
2000 : -------X-------- ---------------- ---------------- ----------------

All other memory blocks unused.

Program Memory Words Used:    64
Program Memory Words Free:  8128


Errors   :     0
Warnings :     0 reported,     0 suppressed
Messages :     4 reported,     0 suppressed

