MPASM  5.37                           EX4.ASM   8-30-2021  15:08:14         PAGE  1


LOC  OBJECT CODE     LINE SOURCE TEXT
  VALUE

                      00001 ;* * * * * * * * * * * * * * * * * * * * * * * * * * * * * * * * * *
                      00002 ;*                       NOME DO PROJETO                           *
                      00003 ;*                           CLIENTE                               *
                      00004 ;*         DESENVOLVIDO PELO DEL ENGENHARIA E CONSULTORIA      *
                      00005 ;*   VERSÃO: 1.0                           DATA: 17/06/10          *
                      00006 ;* * * * * * * * * * * * * * * * * * * * * * * * * * * * * * * * * *
                      00007 ;*                     DESCRIÇÃO DO ARQUIVO                        *
                      00008 ;*-----------------------------------------------------------------*
                      00009 ;*   MODELO PARA PIC 16F877A                                       *
                      00010 ;*                                                                 *
                      00011 ;*                                                                 *
                      00012 ;* * * * * * * * * * * * * * * * * * * * * * * * * * * * * * * * * *
                      00013 
                      00014 ;* * * * * * * * * * * * * * * * * * * * * * * * * * * * * * * * * *
                      00015 ;*                     ARQUIVOS DE DEFINIÇÕES                      *
                      00016 ;* * * * * * * * * * * * * * * * * * * * * * * * * * * * * * * * * *
                      00017 #INCLUDE <P16F877A.INC> ;ARQUIVO PADRÃO MICROCHIP PARA 16F877A
                      00001         LIST
                      00002 ; P16F877A.INC  Standard Header File, Version 1.00    Microchip Technology, Inc.
                      00400         LIST
                      00018 
2007   3F72           00019         __CONFIG _CP_OFF & _PWRTE_ON & _WDT_OFF & _LVP_OFF & _HS_OSC
                      00020 
                      00021 ;* * * * * * * * * * * * * * * * * * * * * * * * * * * * * * * * * *
                      00022 ;*                    PAGINAÇÃO DE MEMÓRIA                         *
                      00023 ;* * * * * * * * * * * * * * * * * * * * * * * * * * * * * * * * * *
                      00024 ;DEFINIÇÃO DE COMANDOS DE USUÁRIO PARA ALTERAÇÃO DA PÁGINA DE MEMÓRIA
                      00025 #DEFINE BANK0   BCF STATUS,RP0  ;SETA BANK 0 DE MEMÓRIA
                      00026 #DEFINE BANK1   BSF STATUS,RP0  ;SETA BANK 1 DE MAMÓRIA
                      00027 
                      00028 ;* * * * * * * * * * * * * * * * * * * * * * * * * * * * * * * * * *
                      00029 ;*                         VARIÁVEIS                               *
                      00030 ;* * * * * * * * * * * * * * * * * * * * * * * * * * * * * * * * * *
                      00031 ; DEFINIÇÃO DOS NOMES E ENDEREÇOS DE TODAS AS VARIÁVEIS UTILIZADAS 
                      00032 ; PELO SISTEMA
                      00033         CBLOCK  0x20    ;ENDEREÇO INICIAL DA MEMÓRIA DE
                      00034                                         ;USUÁRIO
  00000020            00035                 W_TEMP          ;REGISTRADORES TEMPORÁRIOS PARA USO
  00000021            00036                 STATUS_TEMP     ;JUNTO ÀS INTERRUPÇÕES
                      00037 
                      00038                 ;NOVAS VARIÁVEIS
                      00039                 
                      00040                 
                      00041 
                      00042         ENDC                    ;FIM DO BLOCO DE MEMÓRIA
                      00043 ;* * * * * * * * * * * * * * * * * * * * * * * * * * * * * * * * * *
                      00044 ;*                        FLAGS INTERNOS                           *
                      00045 ;* * * * * * * * * * * * * * * * * * * * * * * * * * * * * * * * * *
                      00046 ; DEFINIÇÃO DE TODOS OS FLAGS UTILIZADOS PELO SISTEMA
                      00047 
                      00048 ;* * * * * * * * * * * * * * * * * * * * * * * * * * * * * * * * * *
                      00049 ;*                         CONSTANTES                              *
                      00050 ;* * * * * * * * * * * * * * * * * * * * * * * * * * * * * * * * * *
MPASM  5.37                           EX4.ASM   8-30-2021  15:08:14         PAGE  2


LOC  OBJECT CODE     LINE SOURCE TEXT
  VALUE

                      00051 ; DEFINIÇÃO DE TODAS AS CONSTANTES UTILIZADAS PELO SISTEMA
                      00052 
                      00053 ;* * * * * * * * * * * * * * * * * * * * * * * * * * * * * * * * * *
                      00054 ;*                           ENTRADAS   
                      00055         #DEFINE SW4 PORTB,0 ;DEFINE SW4 COMO PORTA B0
                      00056 ;*
                      00057 ;* * * * * * * * * * * * * * * * * * * * * * * * * * * * * * * * * *
                      00058 ; DEFINIÇÃO DE TODOS OS PINOS QUE SERÃO UTILIZADOS COMO ENTRADA
                      00059 ; RECOMENDAMOS TAMBÉM COMENTAR O SIGNIFICADO DE SEUS ESTADOS (0 E 1)
                      00060 
                      00061 ;* * * * * * * * * * * * * * * * * * * * * * * * * * * * * * * * * *
                      00062 ;*                           SAÍDAS   
                      00063         #DEFINE LED0 PORTD,0 ;DEFINE LED0 COMO PORTA D0
                      00064 ;*
                      00065 ;* * * * * * * * * * * * * * * * * * * * * * * * * * * * * * * * * *
                      00066 ; DEFINIÇÃO DE TODOS OS PINOS QUE SERÃO UTILIZADOS COMO SAÍDA
                      00067 ; RECOMENDAMOS TAMBÉM COMENTAR O SIGNIFICADO DE SEUS ESTADOS (0 E 1)
                      00068 
                      00069 ;* * * * * * * * * * * * * * * * * * * * * * * * * * * * * * * * * *
                      00070 ;*                       VETOR DE RESET                            *
                      00071 ;* * * * * * * * * * * * * * * * * * * * * * * * * * * * * * * * * *
                      00072 
0000                  00073         ORG     0x00                    ;ENDEREÇO INICIAL DE PROCESSAMENTO
0000   2810           00074         GOTO    INICIO
                      00075         
                      00076 ;* * * * * * * * * * * * * * * * * * * * * * * * * * * * * * * * * *
                      00077 ;*                    INÍCIO DA INTERRUPÇÃO                        *
                      00078 ;* * * * * * * * * * * * * * * * * * * * * * * * * * * * * * * * * *
                      00079 ; ENDEREÇO DE DESVIO DAS INTERRUPÇÕES. A PRIMEIRA TAREFA É SALVAR OS
                      00080 ; VALORES DE "W" E "STATUS" PARA RECUPERAÇÃO FUTURA
                      00081 
0004                  00082         ORG     0x04                    ;ENDEREÇO INICIAL DA INTERRUPÇÃO
0004   00A0           00083         MOVWF   W_TEMP          ;COPIA W PARA W_TEMP
0005   0E03           00084         SWAPF   STATUS,W
0006   00A1           00085         MOVWF   STATUS_TEMP     ;COPIA STATUS PARA STATUS_TEMP
                      00086 
                      00087 
                      00088 ;* * * * * * * * * * * * * * * * * * * * * * * * * * * * * * * * * *
                      00089 ;*                    ROTINA DE INTERRUPÇÃO                        *
                      00090 ;* * * * * * * * * * * * * * * * * * * * * * * * * * * * * * * * * *
                      00091 ; AQUI SERÁ ESCRITA AS ROTINAS DE RECONHECIMENTO E TRATAMENTO DAS
                      00092 ; INTERRUPÇÕES
                      00093 
                      00094 ;* * * * * * * * * * * * * * * * * * * * * * * * * * * * * * * * * *
                      00095 ;*                 ROTINA DE SAÍDA DA INTERRUPÇÃO                  *
                      00096 ;* * * * * * * * * * * * * * * * * * * * * * * * * * * * * * * * * *
                      00097 ; OS VALORES DE "W" E "STATUS" DEVEM SER RECUPERADOS ANTES DE 
                      00098 ; RETORNAR DA INTERRUPÇÃO
                      00099 
0007                  00100 SAI_INT
0007   0E21           00101         SWAPF   STATUS_TEMP,W
0008   0083           00102         MOVWF   STATUS          ;MOVE STATUS_TEMP PARA STATUS
0009   0EA0           00103         SWAPF   W_TEMP,F
MPASM  5.37                           EX4.ASM   8-30-2021  15:08:14         PAGE  3


LOC  OBJECT CODE     LINE SOURCE TEXT
  VALUE

000A   0E20           00104         SWAPF   W_TEMP,W        ;MOVE W_TEMP PARA W
000B   0009           00105         RETFIE
                      00106 
                      00107 ;* * * * * * * * * * * * * * * * * * * * * * * * * * * * * * * * * *
                      00108 ;*                       ROTINAS E SUBROTINAS  
                      00109 
Warning[207]: Found label after column 1. (LIGA)
000C                  00110         LIGA 
000C   1408           00111                 BSF LED0; ACIONA O LED0
000D   281C           00112                 GOTO MAIN
                      00113 
Warning[207]: Found label after column 1. (DESLIGA)
000E                  00114         DESLIGA
000E   1008           00115                 BCF LED0; DESLIGA O LED0
000F   281C           00116                 GOTO MAIN
                      00117 
                      00118 ;*
                      00119 ;* * * * * * * * * * * * * * * * * * * * * * * * * * * * * * * * * *
                      00120 ; CADA ROTINA OU SUBROTINA DEVE POSSUIR A DESCRIÇÃO DE FUNCIONAMENTO
                      00121 ; E UM NOME COERENTE ÀS SUAS FUNÇÕES.
                      00122 
0010                  00123 SUBROTINA1
                      00124 
                      00125 ;* * * * * * * * * * * * * * * * * * * * * * * * * * * * * * * * * *
                      00126 ;*                     INICIO DO PROGRAMA                          *
                      00127 ;* * * * * * * * * * * * * * * * * * * * * * * * * * * * * * * * * *
                      00128         
0010                  00129 INICIO
0010   1683           00130         BANK1                           ;ALTERA PARA O BANCO 1
0011   3000           00131     MOVLW       B'00000000'
Message[302]: Register in operand not in bank 0.  Ensure that bank bits are correct.
0012   0088           00132         MOVWF   TRISD           ;DEFINE ENTRADAS E SAÍDAS DO PORT
0013   30FF           00133         MOVLW   B'11111111'
Message[302]: Register in operand not in bank 0.  Ensure that bank bits are correct.
0014   0086           00134         MOVWF   TRISB           ;DEFINE ENTRADAS E SAÍDAS DO PORTB
0015   3004           00135         MOVLW   B'00000100'
Message[302]: Register in operand not in bank 0.  Ensure that bank bits are correct.
0016   0081           00136         MOVWF   OPTION_REG      ;DEFINE OPÇÕES DE OPERAÇÃO
0017   3080           00137         MOVLW   B'10000000'
0018   008B           00138         MOVWF   INTCON  
                      00139         
                      00140 
                      00141         ;DEFINE OPÇÕES DE INTERRUPÇÕES
0019   1283           00142         BANK0                           ;RETORNA PARA O BANCO
001A   302B           00143         MOVLW   B'00101011'
001B   0090           00144     MOVWF       T1CON
                      00145 ;* * * * * * * * * * * * * * * * * * * * * * * * * * * * * * * * * *
                      00146 ;*                     INICIALIZAÇÃO DAS VARIÁVEIS                 *
                      00147 ;* * * * * * * * * * * * * * * * * * * * * * * * * * * * * * * * * *
                      00148 
                      00149 ;* * * * * * * * * * * * * * * * * * * * * * * * * * * * * * * * * *
                      00150 ;*                     ROTINA PRINCIPAL                            *
                      00151 ;* * * * * * * * * * * * * * * * * * * * * * * * * * * * * * * * * *
MPASM  5.37                           EX4.ASM   8-30-2021  15:08:14         PAGE  4


LOC  OBJECT CODE     LINE SOURCE TEXT
  VALUE

001C                  00152 MAIN
                      00153 
                      00154 
001C   1806           00155     BTFSC SW4;
001D   280C           00156         GOTO LIGA; SE SW4 FOR 1
001E   280E           00157         GOTO DESLIGA; SE SW4 FOR 0
                      00158 
                      00159       ;CORPO DA ROTINA PRINCIPAL
                      00160 
                      00161 
Warning[203]: Found opcode in column 1. (GOTO)
001F   281C           00162 GOTO  MAIN
                      00163 
                      00164 ;* * * * * * * * * * * * * * * * * * * * * * * * * * * * * * * * * *
                      00165 ;*                       FIM DO PROGRAMA                           *
                      00166 ;* * * * * * * * * * * * * * * * * * * * * * * * * * * * * * * * * *
                      00167 
                      00168         END
MPASM  5.37                           EX4.ASM   8-30-2021  15:08:14         PAGE  5


SYMBOL TABLE
  LABEL                             VALUE 

ACKDT                             00000005
ACKEN                             00000004
ACKSTAT                           00000006
ADCON0                            0000001F
ADCON1                            0000009F
ADCS0                             00000006
ADCS1                             00000007
ADCS2                             00000006
ADDEN                             00000003
ADFM                              00000007
ADIE                              00000006
ADIF                              00000006
ADON                              00000000
ADRESH                            0000001E
ADRESL                            0000009E
BANK0                             BCF STATUS,RP0
BANK1                             BSF STATUS,RP0
BCLIE                             00000003
BCLIF                             00000003
BF                                00000000
BRGH                              00000002
C                                 00000000
C1INV                             00000004
C1OUT                             00000006
C2INV                             00000005
C2OUT                             00000007
CCP1CON                           00000017
CCP1IE                            00000002
CCP1IF                            00000002
CCP1M0                            00000000
CCP1M1                            00000001
CCP1M2                            00000002
CCP1M3                            00000003
CCP1X                             00000005
CCP1Y                             00000004
CCP2CON                           0000001D
CCP2IE                            00000000
CCP2IF                            00000000
CCP2M0                            00000000
CCP2M1                            00000001
CCP2M2                            00000002
CCP2M3                            00000003
CCP2X                             00000005
CCP2Y                             00000004
CCPR1H                            00000016
CCPR1L                            00000015
CCPR2H                            0000001C
CCPR2L                            0000001B
CHS0                              00000003
CHS1                              00000004
CHS2                              00000005
CIS                               00000003
CKE                               00000006
MPASM  5.37                           EX4.ASM   8-30-2021  15:08:14         PAGE  6


SYMBOL TABLE
  LABEL                             VALUE 

CKP                               00000004
CM0                               00000000
CM1                               00000001
CM2                               00000002
CMCON                             0000009C
CMIE                              00000006
CMIF                              00000006
CREN                              00000004
CSRC                              00000007
CVR0                              00000000
CVR1                              00000001
CVR2                              00000002
CVR3                              00000003
CVRCON                            0000009D
CVREN                             00000007
CVROE                             00000006
CVRR                              00000005
D                                 00000005
DATA_ADDRESS                      00000005
DC                                00000001
DESLIGA                           0000000E
D_A                               00000005
EEADR                             0000010D
EEADRH                            0000010F
EECON1                            0000018C
EECON2                            0000018D
EEDATA                            0000010C
EEDATH                            0000010E
EEIE                              00000004
EEIF                              00000004
EEPGD                             00000007
F                                 00000001
FERR                              00000002
FSR                               00000004
GCEN                              00000007
GIE                               00000007
GO                                00000002
GO_DONE                           00000002
I2C_DATA                          00000005
I2C_READ                          00000002
I2C_START                         00000003
I2C_STOP                          00000004
IBF                               00000007
IBOV                              00000005
INDF                              00000000
INICIO                            00000010
INTCON                            0000000B
INTE                              00000004
INTEDG                            00000006
INTF                              00000001
IRP                               00000007
LED0                              PORTD,0
LIGA                              0000000C
MPASM  5.37                           EX4.ASM   8-30-2021  15:08:14         PAGE  7


SYMBOL TABLE
  LABEL                             VALUE 

MAIN                              0000001C
NOT_A                             00000005
NOT_ADDRESS                       00000005
NOT_BO                            00000000
NOT_BOR                           00000000
NOT_DONE                          00000002
NOT_PD                            00000003
NOT_POR                           00000001
NOT_RBPU                          00000007
NOT_RC8                           00000006
NOT_T1SYNC                        00000002
NOT_TO                            00000004
NOT_TX8                           00000006
NOT_W                             00000002
NOT_WRITE                         00000002
OBF                               00000006
OERR                              00000001
OPTION_REG                        00000081
P                                 00000004
PCFG0                             00000000
PCFG1                             00000001
PCFG2                             00000002
PCFG3                             00000003
PCL                               00000002
PCLATH                            0000000A
PCON                              0000008E
PEIE                              00000006
PEN                               00000002
PIE1                              0000008C
PIE2                              0000008D
PIR1                              0000000C
PIR2                              0000000D
PORTA                             00000005
PORTB                             00000006
PORTC                             00000007
PORTD                             00000008
PORTE                             00000009
PR2                               00000092
PS0                               00000000
PS1                               00000001
PS2                               00000002
PSA                               00000003
PSPIE                             00000007
PSPIF                             00000007
PSPMODE                           00000004
R                                 00000002
RBIE                              00000003
RBIF                              00000000
RC8_9                             00000006
RC9                               00000006
RCD8                              00000000
RCEN                              00000003
RCIE                              00000005
MPASM  5.37                           EX4.ASM   8-30-2021  15:08:14         PAGE  8


SYMBOL TABLE
  LABEL                             VALUE 

RCIF                              00000005
RCREG                             0000001A
RCSTA                             00000018
RD                                00000000
READ_WRITE                        00000002
RP0                               00000005
RP1                               00000006
RSEN                              00000001
RX9                               00000006
RX9D                              00000000
R_W                               00000002
S                                 00000003
SAI_INT                           00000007
SEN                               00000000
SMP                               00000007
SPBRG                             00000099
SPEN                              00000007
SREN                              00000005
SSPADD                            00000093
SSPBUF                            00000013
SSPCON                            00000014
SSPCON2                           00000091
SSPEN                             00000005
SSPIE                             00000003
SSPIF                             00000003
SSPM0                             00000000
SSPM1                             00000001
SSPM2                             00000002
SSPM3                             00000003
SSPOV                             00000006
SSPSTAT                           00000094
STATUS                            00000003
STATUS_TEMP                       00000021
SUBROTINA1                        00000010
SW4                               PORTB,0
SYNC                              00000004
T0CS                              00000005
T0IE                              00000005
T0IF                              00000002
T0SE                              00000004
T1CKPS0                           00000004
T1CKPS1                           00000005
T1CON                             00000010
T1INSYNC                          00000002
T1OSCEN                           00000003
T1SYNC                            00000002
T2CKPS0                           00000000
T2CKPS1                           00000001
T2CON                             00000012
TMR0                              00000001
TMR0IE                            00000005
TMR0IF                            00000002
TMR1CS                            00000001
MPASM  5.37                           EX4.ASM   8-30-2021  15:08:14         PAGE  9


SYMBOL TABLE
  LABEL                             VALUE 

TMR1H                             0000000F
TMR1IE                            00000000
TMR1IF                            00000000
TMR1L                             0000000E
TMR1ON                            00000000
TMR2                              00000011
TMR2IE                            00000001
TMR2IF                            00000001
TMR2ON                            00000002
TOUTPS0                           00000003
TOUTPS1                           00000004
TOUTPS2                           00000005
TOUTPS3                           00000006
TRISA                             00000085
TRISB                             00000086
TRISC                             00000087
TRISD                             00000088
TRISE                             00000089
TRISE0                            00000000
TRISE1                            00000001
TRISE2                            00000002
TRMT                              00000001
TX8_9                             00000006
TX9                               00000006
TX9D                              00000000
TXD8                              00000000
TXEN                              00000005
TXIE                              00000004
TXIF                              00000004
TXREG                             00000019
TXSTA                             00000098
UA                                00000001
W                                 00000000
WCOL                              00000007
WR                                00000001
WREN                              00000002
WRERR                             00000003
W_TEMP                            00000020
Z                                 00000002
_BODEN_OFF                        00003FBF
_BODEN_ON                         00003FFF
_CPD_OFF                          00003FFF
_CPD_ON                           00003EFF
_CP_ALL                           00001FFF
_CP_OFF                           00003FFF
_DEBUG_OFF                        00003FFF
_DEBUG_ON                         000037FF
_HS_OSC                           00003FFE
_LP_OSC                           00003FFC
_LVP_OFF                          00003F7F
_LVP_ON                           00003FFF
_PWRTE_OFF                        00003FFF
_PWRTE_ON                         00003FF7
MPASM  5.37                           EX4.ASM   8-30-2021  15:08:14         PAGE 10


SYMBOL TABLE
  LABEL                             VALUE 

_RC_OSC                           00003FFF
_WDT_OFF                          00003FFB
_WDT_ON                           00003FFF
_WRT_1FOURTH                      00003BFF
_WRT_256                          00003DFF
_WRT_HALF                         000039FF
_WRT_OFF                          00003FFF
_XT_OSC                           00003FFD
__16F877A                         00000001


MEMORY USAGE MAP ('X' = Used,  '-' = Unused)

0000 : X---XXXXXXXXXXXX XXXXXXXXXXXXXXXX ---------------- ----------------
2000 : -------X-------- ---------------- ---------------- ----------------

All other memory blocks unused.

Program Memory Words Used:    29
Program Memory Words Free:  8163


Errors   :     0
Warnings :     3 reported,     0 suppressed
Messages :     3 reported,     0 suppressed

